2023-02-17T11:10:48+00:00 CRITICAL Maximum execution time of 120 seconds exceeded in C:\xampp\htdocs\wordpress\wp-content\plugins\header-footer-elementor\inc\widgets-manager\widgets\class-site-title.php on line 19

2023-02-17T11:10:48+00:00 CRITICAL Maximum execution time of 120 seconds exceeded in C:\xampp\htdocs\wordpress\wp-content\plugins\header-footer-elementor\inc\widgets-manager\widgets\class-site-title.php on line 19

2023-02-17T11:10:48+00:00 CRITICAL Maximum execution time of 120 seconds exceeded in C:\xampp\htdocs\wordpress\wp-content\plugins\header-footer-elementor\inc\widgets-manager\widgets\class-site-tagline.php on line 17

2023-02-17T20:30:31+00:00 CRITICAL Maximum execution time of 120 seconds exceeded in C:\xampp\htdocs\wordpress\wp-content\plugins\nextgen-gallery\vendor\ezyang\htmlpurifier\library\HTMLPurifier\AttrTransform\Lang.php on line 32

2023-02-17T20:30:31+00:00 CRITICAL Maximum execution time of 120 seconds exceeded in C:\xampp\htdocs\wordpress\wp-content\plugins\nextgen-gallery\vendor\ezyang\htmlpurifier\library\HTMLPurifier\AttrTransform\Lang.php on line 32

2023-02-17T20:30:32+00:00 CRITICAL Maximum execution time of 120 seconds exceeded in C:\xampp\htdocs\wordpress\wp-content\plugins\nextgen-gallery\vendor\ezyang\htmlpurifier\library\HTMLPurifier\HTMLModule\Tidy\Name.php on line 34

2023-02-17T20:30:36+00:00 CRITICAL Maximum execution time of 120 seconds exceeded in C:\xampp\htdocs\wordpress\wp-includes\class-wpdb.php on line 2187

2023-02-17T20:39:01+00:00 CRITICAL Maximum execution time of 120 seconds exceeded in C:\xampp\htdocs\wordpress\wp-includes\formatting.php on line 1125

2023-02-17T20:39:13+00:00 CRITICAL Maximum execution time of 120 seconds exceeded in C:\xampp\htdocs\wordpress\wp-includes\functions.php on line 6620

2023-02-17T20:39:14+00:00 CRITICAL Maximum execution time of 120 seconds exceeded in C:\xampp\htdocs\wordpress\wp-includes\class-wpdb.php on line 2187

2023-02-17T21:24:24+00:00 CRITICAL Uncaught Error: Class "WPForms\Tasks\Actions\EntryEmailsTask" not found in C:\xampp\htdocs\wordpress\wp-content\plugins\wpforms-lite\src\Tasks\Tasks.php:87
Stack trace:
#0 C:\xampp\htdocs\wordpress\wp-content\plugins\wpforms-lite\src\Tasks\Tasks.php(62): WPForms\Tasks\Tasks->hooks()
#1 C:\xampp\htdocs\wordpress\wp-content\plugins\wpforms-lite\src\WPForms.php(306): WPForms\Tasks\Tasks->init()
#2 C:\xampp\htdocs\wordpress\wp-includes\class-wp-hook.php(308): WPForms\WPForms->WPForms\{closure}('')
#3 C:\xampp\htdocs\wordpress\wp-includes\class-wp-hook.php(332): WP_Hook->apply_filters(NULL, Array)
#4 C:\xampp\htdocs\wordpress\wp-includes\plugin.php(517): WP_Hook->do_action(Array)
#5 C:\xampp\htdocs\wordpress\wp-settings.php(617): do_action('init')
#6 C:\xampp\htdocs\wordpress\wp-config.php(96): require_once('C:\\xampp\\htdocs...')
#7 C:\xampp\htdocs\wordpress\wp-load.php(50): require_once('C:\\xampp\\htdocs...')
#8 C:\xampp\htdocs\wordpress\wp-admin\admin-ajax.php(22): require_once('C:\\xampp\\htdocs...')
#9 {main}
  thrown in C:\xampp\htdocs\wordpress\wp-content\plugins\wpforms-lite\src\Tasks\Tasks.php on line 87

